2017-02-27 07:43:53,697 - node-1 - CPU Used: 59.4, 56.3, 59.4, 59.4, 62.5, 48.4, 56.3, 43.8 percent
2017-02-27 07:43:53,799 - node-1 - RAM Used: 33.7 percent
2017-02-27 07:43:53,900 - node-1 - DISK Used: 125630 MB
2017-02-27 07:43:54,000 - node-1 - KB Sent: 427
2017-02-27 07:43:54,101 - node-1 - KB Received: 1899
2017-02-27 07:43:54,201 - node-1 -  
2017-02-27 07:43:55,213 - node-1 - CPU Used: 29.7, 31.3, 37.5, 35.9, 26.6, 29.7, 43.8, 37.5 percent
2017-02-27 07:43:55,315 - node-1 - RAM Used: 33.7 percent
2017-02-27 07:43:55,417 - node-1 - DISK Used: 125630 MB
2017-02-27 07:43:55,519 - node-1 - KB Sent: 430
2017-02-27 07:43:55,619 - node-1 - KB Received: 1911
2017-02-27 07:43:55,720 - node-1 -  
2017-02-27 07:43:56,727 - node-1 - CPU Used: 13.6, 9.4, 14.1, 12.5, 12.5, 18.8, 21.9, 7.8 percent
2017-02-27 07:43:56,829 - node-1 - RAM Used: 33.6 percent
2017-02-27 07:43:56,930 - node-1 - DISK Used: 125630 MB
2017-02-27 07:43:57,030 - node-1 - KB Sent: 430
2017-02-27 07:43:57,131 - node-1 - KB Received: 1911
2017-02-27 07:43:57,233 - node-1 -  
2017-02-27 07:43:58,243 - node-1 - CPU Used: 15.4, 10.9, 28.1, 18.8, 4.7, 6.3, 15.4, 17.2 percent
2017-02-27 07:43:58,345 - node-1 - RAM Used: 33.6 percent
2017-02-27 07:43:58,447 - node-1 - DISK Used: 125630 MB
2017-02-27 07:43:58,548 - node-1 - KB Sent: 430
2017-02-27 07:43:58,648 - node-1 - KB Received: 1912
2017-02-27 07:43:58,750 - node-1 -  
2017-02-27 07:43:59,760 - node-1 - CPU Used: 18.2, 1.6, 26.6, 6.3, 16.9, 6.3, 14.1, 9.4 percent
2017-02-27 07:43:59,861 - node-1 - RAM Used: 33.6 percent
2017-02-27 07:43:59,963 - node-1 - DISK Used: 125630 MB
2017-02-27 07:44:00,063 - node-1 - KB Sent: 431
2017-02-27 07:44:00,165 - node-1 - KB Received: 1912
2017-02-27 07:44:00,266 - node-1 -  
2017-02-27 07:44:01,270 - node-1 - CPU Used: 16.9, 15.6, 15.6, 28.1, 9.4, 6.3, 40.6, 0.0 percent
2017-02-27 07:44:01,371 - node-1 - RAM Used: 33.5 percent
2017-02-27 07:44:01,473 - node-1 - DISK Used: 125630 MB
2017-02-27 07:44:01,575 - node-1 - KB Sent: 431
2017-02-27 07:44:01,674 - node-1 - KB Received: 1912
2017-02-27 07:44:01,776 - node-1 -  
2017-02-27 07:44:02,788 - node-1 - CPU Used: 7.8, 15.9, 15.6, 18.7, 17.2, 4.7, 15.6, 14.3 percent
2017-02-27 07:44:02,890 - node-1 - RAM Used: 33.5 percent
2017-02-27 07:44:02,990 - node-1 - DISK Used: 125630 MB
2017-02-27 07:44:03,092 - node-1 - KB Sent: 432
2017-02-27 07:44:03,193 - node-1 - KB Received: 1913
2017-02-27 07:44:03,293 - node-1 -  
2017-02-27 07:44:04,305 - node-1 - CPU Used: 21.5, 7.8, 20.3, 9.4, 10.9, 15.6, 23.4, 6.3 percent
2017-02-27 07:44:04,404 - node-1 - RAM Used: 33.5 percent
2017-02-27 07:44:04,506 - node-1 - DISK Used: 125630 MB
2017-02-27 07:44:04,608 - node-1 - KB Sent: 432
2017-02-27 07:44:04,710 - node-1 - KB Received: 1913
2017-02-27 07:44:04,811 - node-1 -  
2017-02-27 07:44:05,822 - node-1 - CPU Used: 26.2, 7.7, 17.2, 15.9, 12.5, 9.4, 31.3, 10.8 percent
2017-02-27 07:44:05,923 - node-1 - RAM Used: 33.5 percent
2017-02-27 07:44:06,023 - node-1 - DISK Used: 125630 MB
2017-02-27 07:44:06,125 - node-1 - KB Sent: 432
2017-02-27 07:44:06,226 - node-1 - KB Received: 1913
2017-02-27 07:44:06,326 - node-1 -  
2017-02-27 07:44:07,341 - node-1 - CPU Used: 13.4, 7.8, 23.1, 6.2, 7.8, 7.8, 17.2, 4.7 percent
2017-02-27 07:44:07,441 - node-1 - RAM Used: 33.5 percent
2017-02-27 07:44:07,542 - node-1 - DISK Used: 125630 MB
2017-02-27 07:44:07,644 - node-1 - KB Sent: 432
2017-02-27 07:44:07,746 - node-1 - KB Received: 1913
2017-02-27 07:44:07,845 - node-1 -  
2017-02-27 07:44:08,858 - node-1 - CPU Used: 19.7, 7.8, 26.6, 6.3, 12.5, 1.6, 21.9, 3.1 percent
2017-02-27 07:44:08,960 - node-1 - RAM Used: 33.5 percent
2017-02-27 07:44:09,062 - node-1 - DISK Used: 125630 MB
2017-02-27 07:44:09,163 - node-1 - KB Sent: 432
2017-02-27 07:44:09,263 - node-1 - KB Received: 1914
2017-02-27 07:44:09,365 - node-1 -  
2017-02-27 07:44:10,378 - node-1 - CPU Used: 18.2, 3.1, 18.8, 1.6, 6.3, 1.6, 9.4, 6.3 percent
2017-02-27 07:44:10,480 - node-1 - RAM Used: 33.5 percent
2017-02-27 07:44:10,582 - node-1 - DISK Used: 125630 MB
2017-02-27 07:44:10,683 - node-1 - KB Sent: 432
2017-02-27 07:44:10,783 - node-1 - KB Received: 1914
2017-02-27 07:44:10,884 - node-1 -  
2017-02-27 07:44:11,895 - node-1 - CPU Used: 16.4, 10.6, 18.5, 10.9, 4.6, 6.3, 9.2, 4.7 percent
2017-02-27 07:44:11,997 - node-1 - RAM Used: 33.5 percent
2017-02-27 07:44:12,098 - node-1 - DISK Used: 125630 MB
2017-02-27 07:44:12,200 - node-1 - KB Sent: 433
2017-02-27 07:44:12,299 - node-1 - KB Received: 1914
2017-02-27 07:44:12,401 - node-1 -  
2017-02-27 07:44:13,413 - node-1 - CPU Used: 30.3, 7.7, 15.4, 18.7, 10.9, 6.3, 26.6, 13.6 percent
2017-02-27 07:44:13,515 - node-1 - RAM Used: 33.5 percent
2017-02-27 07:44:13,615 - node-1 - DISK Used: 125630 MB
2017-02-27 07:44:13,716 - node-1 - KB Sent: 433
2017-02-27 07:45:59,280 - node-1 - CPU Used: 47.8, 35.9, 53.1, 51.6, 51.6, 34.4, 43.8, 53.1 (for each core)
2017-02-27 07:45:59,484 - node-1 - DISK Used: 125630 MB
2017-02-27 07:45:59,585 - node-1 - KB Sent: 512
2017-02-27 07:45:59,687 - node-1 - KB Received: 2330
2017-02-27 07:45:59,788 - node-1 -  
2017-02-27 07:46:00,798 - node-1 - CPU Used: 20.9, 7.8, 31.3, 15.6, 10.9, 12.1, 20.3, 4.7 (for each core)
2017-02-27 07:46:01,000 - node-1 - DISK Used: 125630 MB
2017-02-27 07:46:01,101 - node-1 - KB Sent: 513
2017-02-27 07:46:01,201 - node-1 - KB Received: 2331
2017-02-27 07:46:01,302 - node-1 -  
