2017-02-27 07:43:53,697 - node-DeepThought - CPU Used: 59.4, 56.3, 59.4, 59.4, 62.5, 48.4, 56.3, 43.8 percent
2017-02-27 07:43:53,799 - node-DeepThought - RAM Used: 33.7 percent
2017-02-27 07:43:53,898 - node-DeepThought - DISK Used: 125630 MB
2017-02-27 07:43:53,999 - node-DeepThought - KB Sent: 427
2017-02-27 07:43:54,101 - node-DeepThought - KB Received: 1899
2017-02-27 07:43:54,101 - node-DeepThought -  
2017-02-27 07:43:55,213 - node-DeepThought - CPU Used: 29.7, 31.3, 37.5, 35.9, 26.6, 29.7, 43.8, 37.5 percent
2017-02-27 07:43:55,315 - node-DeepThought - RAM Used: 33.7 percent
2017-02-27 07:43:55,417 - node-DeepThought - DISK Used: 125630 MB
2017-02-27 07:43:55,519 - node-DeepThought - KB Sent: 430
2017-02-27 07:43:55,618 - node-DeepThought - KB Received: 1911
2017-02-27 07:43:55,619 - node-DeepThought -  
2017-02-27 07:43:56,727 - node-DeepThought - CPU Used: 13.6, 9.4, 14.1, 12.5, 12.5, 18.8, 21.9, 7.8 percent
2017-02-27 07:43:56,829 - node-DeepThought - RAM Used: 33.6 percent
2017-02-27 07:43:56,930 - node-DeepThought - DISK Used: 125630 MB
2017-02-27 07:43:57,030 - node-DeepThought - KB Sent: 430
2017-02-27 07:43:57,131 - node-DeepThought - KB Received: 1911
2017-02-27 07:43:57,131 - node-DeepThought -  
2017-02-27 07:43:58,243 - node-DeepThought - CPU Used: 15.4, 10.9, 28.1, 18.8, 4.7, 6.3, 15.4, 17.2 percent
2017-02-27 07:43:58,345 - node-DeepThought - RAM Used: 33.6 percent
2017-02-27 07:43:58,447 - node-DeepThought - DISK Used: 125630 MB
2017-02-27 07:43:58,548 - node-DeepThought - KB Sent: 430
2017-02-27 07:43:58,648 - node-DeepThought - KB Received: 1912
2017-02-27 07:43:58,650 - node-DeepThought -  
2017-02-27 07:43:59,760 - node-DeepThought - CPU Used: 18.2, 1.6, 26.6, 6.3, 16.9, 6.3, 14.1, 9.4 percent
2017-02-27 07:43:59,861 - node-DeepThought - RAM Used: 33.6 percent
2017-02-27 07:43:59,963 - node-DeepThought - DISK Used: 125630 MB
2017-02-27 07:44:00,065 - node-DeepThought - KB Sent: 431
2017-02-27 07:44:00,165 - node-DeepThought - KB Received: 1912
2017-02-27 07:44:00,165 - node-DeepThought -  
2017-02-27 07:44:01,270 - node-DeepThought - CPU Used: 16.9, 15.6, 15.6, 28.1, 9.4, 6.3, 40.6, 0.0 percent
2017-02-27 07:44:01,372 - node-DeepThought - RAM Used: 33.5 percent
2017-02-27 07:44:01,473 - node-DeepThought - DISK Used: 125630 MB
2017-02-27 07:44:01,575 - node-DeepThought - KB Sent: 431
2017-02-27 07:44:01,676 - node-DeepThought - KB Received: 1912
2017-02-27 07:44:01,676 - node-DeepThought -  
2017-02-27 07:44:02,788 - node-DeepThought - CPU Used: 7.8, 15.9, 15.6, 18.7, 17.2, 4.7, 15.6, 14.3 percent
2017-02-27 07:44:02,890 - node-DeepThought - RAM Used: 33.5 percent
2017-02-27 07:44:02,990 - node-DeepThought - DISK Used: 125630 MB
2017-02-27 07:44:03,092 - node-DeepThought - KB Sent: 432
2017-02-27 07:44:03,193 - node-DeepThought - KB Received: 1913
2017-02-27 07:44:03,193 - node-DeepThought -  
2017-02-27 07:44:04,305 - node-DeepThought - CPU Used: 21.5, 7.8, 20.3, 9.4, 10.9, 15.6, 23.4, 6.3 percent
2017-02-27 07:44:04,404 - node-DeepThought - RAM Used: 33.5 percent
2017-02-27 07:44:04,506 - node-DeepThought - DISK Used: 125630 MB
2017-02-27 07:44:04,608 - node-DeepThought - KB Sent: 432
2017-02-27 07:44:04,710 - node-DeepThought - KB Received: 1913
2017-02-27 07:44:04,710 - node-DeepThought -  
2017-02-27 07:44:05,822 - node-DeepThought - CPU Used: 26.2, 7.7, 17.2, 15.9, 12.5, 9.4, 31.3, 10.8 percent
2017-02-27 07:44:05,923 - node-DeepThought - RAM Used: 33.5 percent
2017-02-27 07:44:06,023 - node-DeepThought - DISK Used: 125630 MB
2017-02-27 07:44:06,124 - node-DeepThought - KB Sent: 432
2017-02-27 07:44:06,226 - node-DeepThought - KB Received: 1913
2017-02-27 07:44:06,226 - node-DeepThought -  
2017-02-27 07:44:07,342 - node-DeepThought - CPU Used: 13.4, 7.8, 23.1, 6.2, 7.8, 7.8, 17.2, 4.7 percent
2017-02-27 07:44:07,443 - node-DeepThought - RAM Used: 33.5 percent
2017-02-27 07:44:07,542 - node-DeepThought - DISK Used: 125630 MB
2017-02-27 07:44:07,644 - node-DeepThought - KB Sent: 432
2017-02-27 07:44:07,746 - node-DeepThought - KB Received: 1913
2017-02-27 07:44:07,746 - node-DeepThought -  
2017-02-27 07:44:08,858 - node-DeepThought - CPU Used: 19.7, 7.8, 26.6, 6.3, 12.5, 1.6, 21.9, 3.1 percent
2017-02-27 07:44:08,960 - node-DeepThought - RAM Used: 33.5 percent
2017-02-27 07:44:09,062 - node-DeepThought - DISK Used: 125630 MB
2017-02-27 07:44:09,163 - node-DeepThought - KB Sent: 432
2017-02-27 07:44:09,263 - node-DeepThought - KB Received: 1914
2017-02-27 07:44:09,265 - node-DeepThought -  
2017-02-27 07:44:10,378 - node-DeepThought - CPU Used: 18.2, 3.1, 18.8, 1.6, 6.3, 1.6, 9.4, 6.3 percent
2017-02-27 07:44:10,480 - node-DeepThought - RAM Used: 33.5 percent
2017-02-27 07:44:10,582 - node-DeepThought - DISK Used: 125630 MB
2017-02-27 07:44:10,683 - node-DeepThought - KB Sent: 432
2017-02-27 07:44:10,782 - node-DeepThought - KB Received: 1914
2017-02-27 07:44:10,783 - node-DeepThought -  
2017-02-27 07:44:11,895 - node-DeepThought - CPU Used: 16.4, 10.6, 18.5, 10.9, 4.6, 6.3, 9.2, 4.7 percent
2017-02-27 07:44:11,996 - node-DeepThought - RAM Used: 33.5 percent
2017-02-27 07:44:12,098 - node-DeepThought - DISK Used: 125630 MB
2017-02-27 07:44:12,200 - node-DeepThought - KB Sent: 433
2017-02-27 07:44:12,301 - node-DeepThought - KB Received: 1914
2017-02-27 07:44:12,301 - node-DeepThought -  
2017-02-27 07:44:13,414 - node-DeepThought - CPU Used: 30.3, 7.7, 15.4, 18.7, 10.9, 6.3, 26.6, 13.6 percent
2017-02-27 07:44:13,515 - node-DeepThought - RAM Used: 33.5 percent
2017-02-27 07:44:13,615 - node-DeepThought - DISK Used: 125630 MB
2017-02-27 07:44:13,716 - node-DeepThought - KB Sent: 433
2017-02-27 07:45:59,282 - node-DeepThought - CPU Used: 47.8, 35.9, 53.1, 51.6, 51.6, 34.4, 43.8, 53.1 percent
2017-02-27 07:45:59,381 - node-DeepThought - RAM Used: 33.7 percent
2017-02-27 07:45:59,483 - node-DeepThought - DISK Used: 125630 MB
2017-02-27 07:45:59,584 - node-DeepThought - KB Sent: 512
2017-02-27 07:45:59,684 - node-DeepThought - KB Received: 2330
2017-02-27 07:45:59,684 - node-DeepThought -  
2017-02-27 07:46:00,798 - node-DeepThought - CPU Used: 20.9, 7.8, 31.3, 15.6, 10.9, 12.1, 20.3, 4.7 percent
2017-02-27 07:46:00,898 - node-DeepThought - RAM Used: 33.6 percent
2017-02-27 07:46:01,000 - node-DeepThought - DISK Used: 125630 MB
2017-02-27 07:46:01,099 - node-DeepThought - KB Sent: 513
2017-02-27 07:46:01,200 - node-DeepThought - KB Received: 2331
2017-02-27 07:46:01,200 - node-DeepThought -  
